Error: Unable to access jarfile ./jenkins/jenkins.war
Error: Unable to access jarfile ./jenkins/jenkins.war
Running from: /root/jenkins/jenkins.war
webroot: $user.home/.jenkins
2020-05-19 03:24:45.858+0000 [id=1]	INFO	org.eclipse.jetty.util.log.Log#initialized: Logging initialized @1506ms to org.eclipse.jetty.util.log.JavaUtilLog
2020-05-19 03:24:46.075+0000 [id=1]	INFO	winstone.Logger#logInternal: Beginning extraction from war file
2020-05-19 03:24:46.154+0000 [id=1]	WARNING	o.e.j.s.handler.ContextHandler#setContextPath: Empty contextPath
2020-05-19 03:24:46.284+0000 [id=1]	INFO	org.eclipse.jetty.server.Server#doStart: jetty-9.4.27.v20200227; built: 2020-02-27T18:37:21.340Z; git: a304fd9f351f337e7c0e2a7c28878dd536149c6c; jvm 1.8.0_241-b07
2020-05-19 03:24:47.232+0000 [id=1]	INFO	o.e.j.w.StandardDescriptorProcessor#visitServlet: NO JSP Support for /, did not find org.eclipse.jetty.jsp.JettyJspServlet
2020-05-19 03:24:47.393+0000 [id=1]	INFO	o.e.j.s.s.DefaultSessionIdManager#doStart: DefaultSessionIdManager workerName=node0
2020-05-19 03:24:47.393+0000 [id=1]	INFO	o.e.j.s.s.DefaultSessionIdManager#doStart: No SessionScavenger set, using defaults
2020-05-19 03:24:47.410+0000 [id=1]	INFO	o.e.j.server.session.HouseKeeper#startScavenging: node0 Scavenging every 600000ms
2020-05-19 03:24:48.556+0000 [id=1]	INFO	hudson.WebAppMain#contextInitialized: Jenkins home directory: /root/.jenkins found at: $user.home/.jenkins
2020-05-19 03:24:48.769+0000 [id=1]	INFO	o.e.j.s.handler.ContextHandler#doStart: Started w.@60db1c0e{Jenkins v2.222.3,/,file:///root/.jenkins/war/,AVAILABLE}{/root/.jenkins/war}
2020-05-19 03:24:48.835+0000 [id=1]	INFO	o.e.j.server.AbstractConnector#doStart: Started ServerConnector@6be46e8f{HTTP/1.1, (http/1.1)}{0.0.0.0:8080}
2020-05-19 03:24:48.836+0000 [id=1]	INFO	org.eclipse.jetty.server.Server#doStart: Started @4484ms
2020-05-19 03:24:48.843+0000 [id=20]	INFO	winstone.Logger#logInternal: Winstone Servlet Engine running: controlPort=disabled
2020-05-19 03:24:52.074+0000 [id=27]	INFO	jenkins.InitReactorRunner$1#onAttained: Started initialization
2020-05-19 03:24:53.313+0000 [id=26]	INFO	jenkins.InitReactorRunner$1#onAttained: Listed all plugins
2020-05-19 03:25:05.131+0000 [id=26]	INFO	jenkins.InitReactorRunner$1#onAttained: Prepared all plugins
2020-05-19 03:25:05.212+0000 [id=26]	INFO	jenkins.InitReactorRunner$1#onAttained: Started all plugins
2020-05-19 03:25:07.435+0000 [id=26]	INFO	h.ExtensionFinder$GuiceFinder$FaultTolerantScope$1#error: Failed to instantiate optional component hudson.plugins.build_timeout.operations.AbortAndRestartOperation$DescriptorImpl; skipping
2020-05-19 03:25:08.279+0000 [id=27]	INFO	jenkins.InitReactorRunner$1#onAttained: Augmented all extensions
2020-05-19 03:25:08.530+0000 [id=26]	INFO	jenkins.InitReactorRunner$1#onAttained: System config loaded
2020-05-19 03:25:08.675+0000 [id=27]	INFO	jenkins.InitReactorRunner$1#onAttained: System config adapted
2020-05-19 03:25:08.686+0000 [id=26]	INFO	jenkins.InitReactorRunner$1#onAttained: Loaded all jobs
2020-05-19 03:25:08.779+0000 [id=26]	INFO	jenkins.InitReactorRunner$1#onAttained: Configuration for all jobs updated
2020-05-19 03:25:09.367+0000 [id=40]	INFO	hudson.model.AsyncPeriodicWork#lambda$doRun$0: Started Download metadata
2020-05-19 03:25:09.384+0000 [id=40]	INFO	hudson.model.AsyncPeriodicWork#lambda$doRun$0: Finished Download metadata. 15 ms
2020-05-19 03:25:09.981+0000 [id=26]	INFO	o.s.c.s.AbstractApplicationContext#prepareRefresh: Refreshing org.springframework.web.context.support.StaticWebApplicationContext@5d478feb: display name [Root WebApplicationContext]; startup date [Tue May 19 11:25:09 CST 2020]; root of context hierarchy
2020-05-19 03:25:09.981+0000 [id=26]	INFO	o.s.c.s.AbstractApplicationContext#obtainFreshBeanFactory: Bean factory for application context [org.springframework.web.context.support.StaticWebApplicationContext@5d478feb]: org.springframework.beans.factory.support.DefaultListableBeanFactory@1bf9e7eb
2020-05-19 03:25:10.006+0000 [id=26]	INFO	o.s.b.f.s.DefaultListableBeanFactory#preInstantiateSingletons: Pre-instantiating singletons in org.springframework.beans.factory.support.DefaultListableBeanFactory@1bf9e7eb: defining beans [authenticationManager]; root of factory hierarchy
2020-05-19 03:25:10.336+0000 [id=26]	INFO	o.s.c.s.AbstractApplicationContext#prepareRefresh: Refreshing org.springframework.web.context.support.StaticWebApplicationContext@30ac0217: display name [Root WebApplicationContext]; startup date [Tue May 19 11:25:10 CST 2020]; root of context hierarchy
2020-05-19 03:25:10.337+0000 [id=26]	INFO	o.s.c.s.AbstractApplicationContext#obtainFreshBeanFactory: Bean factory for application context [org.springframework.web.context.support.StaticWebApplicationContext@30ac0217]: org.springframework.beans.factory.support.DefaultListableBeanFactory@18450e7f
2020-05-19 03:25:10.337+0000 [id=26]	INFO	o.s.b.f.s.DefaultListableBeanFactory#preInstantiateSingletons: Pre-instantiating singletons in org.springframework.beans.factory.support.DefaultListableBeanFactory@18450e7f: defining beans [filter,legacy]; root of factory hierarchy
2020-05-19 03:25:10.494+0000 [id=26]	INFO	jenkins.InitReactorRunner$1#onAttained: Completed initialization
2020-05-19 03:25:10.555+0000 [id=19]	INFO	hudson.WebAppMain$3#run: Jenkins is fully up and running
2020-05-19 03:29:13.657+0000 [id=38]	WARNING	org.eclipse.jgit.util.FS#discoverGitSystemConfig: Exception caught during execution of command '[git, config, --system, --edit]' in '/usr/local/git/bin', return code '128', error message 'fatal: Invalid path '/usr/local/git/etc': æ²¡æé£ä¸ªæä»¶æç®å½
'
2020-05-19 03:38:24.053+0000 [id=192]	INFO	hudson.model.AsyncPeriodicWork#lambda$doRun$0: Started Periodic background build discarder
2020-05-19 03:38:24.058+0000 [id=192]	INFO	hudson.model.AsyncPeriodicWork#lambda$doRun$0: Finished Periodic background build discarder. 3 ms
2020-05-19 04:58:29.920+0000 [id=200]	INFO	hudson.model.AsyncPeriodicWork#lambda$doRun$0: Started Periodic background build discarder
2020-05-19 04:58:29.929+0000 [id=200]	INFO	hudson.model.AsyncPeriodicWork#lambda$doRun$0: Finished Periodic background build discarder. 5 ms
2020-05-19 06:24:38.732+0000 [id=208]	INFO	hudson.model.AsyncPeriodicWork#lambda$doRun$0: Started Periodic background build discarder
2020-05-19 06:24:38.746+0000 [id=208]	INFO	hudson.model.AsyncPeriodicWork#lambda$doRun$0: Finished Periodic background build discarder. 7 ms
2020-05-19 07:24:38.732+0000 [id=216]	INFO	hudson.model.AsyncPeriodicWork#lambda$doRun$0: Started Periodic background build discarder
2020-05-19 07:24:38.739+0000 [id=216]	INFO	hudson.model.AsyncPeriodicWork#lambda$doRun$0: Finished Periodic background build discarder. 3 ms
2020-05-19 08:24:38.729+0000 [id=224]	INFO	hudson.model.AsyncPeriodicWork#lambda$doRun$0: Started Periodic background build discarder
2020-05-19 08:24:38.732+0000 [id=224]	INFO	hudson.model.AsyncPeriodicWork#lambda$doRun$0: Finished Periodic background build discarder. 1 ms
2020-05-19 09:24:38.728+0000 [id=232]	INFO	hudson.model.AsyncPeriodicWork#lambda$doRun$0: Started Periodic background build discarder
2020-05-19 09:24:38.730+0000 [id=232]	INFO	hudson.model.AsyncPeriodicWork#lambda$doRun$0: Finished Periodic background build discarder. 1 ms
2020-05-19 10:24:38.730+0000 [id=240]	INFO	hudson.model.AsyncPeriodicWork#lambda$doRun$0: Started Periodic background build discarder
2020-05-19 10:24:38.733+0000 [id=240]	INFO	hudson.model.AsyncPeriodicWork#lambda$doRun$0: Finished Periodic background build discarder. 2 ms
Running from: /root/jenkins/jenkins.war
webroot: $user.home/.jenkins
2020-05-20 12:15:30.740+0000 [id=1]	INFO	org.eclipse.jetty.util.log.Log#initialized: Logging initialized @1290ms to org.eclipse.jetty.util.log.JavaUtilLog
2020-05-20 12:15:30.970+0000 [id=1]	INFO	winstone.Logger#logInternal: Beginning extraction from war file
2020-05-20 12:15:31.041+0000 [id=1]	WARNING	o.e.j.s.handler.ContextHandler#setContextPath: Empty contextPath
2020-05-20 12:15:31.162+0000 [id=1]	INFO	org.eclipse.jetty.server.Server#doStart: jetty-9.4.27.v20200227; built: 2020-02-27T18:37:21.340Z; git: a304fd9f351f337e7c0e2a7c28878dd536149c6c; jvm 1.8.0_241-b07
2020-05-20 12:15:32.001+0000 [id=1]	INFO	o.e.j.w.StandardDescriptorProcessor#visitServlet: NO JSP Support for /, did not find org.eclipse.jetty.jsp.JettyJspServlet
2020-05-20 12:15:32.194+0000 [id=1]	INFO	o.e.j.s.s.DefaultSessionIdManager#doStart: DefaultSessionIdManager workerName=node0
2020-05-20 12:15:32.194+0000 [id=1]	INFO	o.e.j.s.s.DefaultSessionIdManager#doStart: No SessionScavenger set, using defaults
2020-05-20 12:15:32.210+0000 [id=1]	INFO	o.e.j.server.session.HouseKeeper#startScavenging: node0 Scavenging every 660000ms
2020-05-20 12:15:33.260+0000 [id=1]	INFO	hudson.WebAppMain#contextInitialized: Jenkins home directory: /root/.jenkins found at: $user.home/.jenkins
2020-05-20 12:15:33.526+0000 [id=1]	INFO	o.e.j.s.handler.ContextHandler#doStart: Started w.@60db1c0e{Jenkins v2.222.3,/,file:///root/.jenkins/war/,AVAILABLE}{/root/.jenkins/war}
2020-05-20 12:15:33.578+0000 [id=1]	INFO	o.e.j.server.AbstractConnector#doStart: Started ServerConnector@6be46e8f{HTTP/1.1, (http/1.1)}{0.0.0.0:8080}
2020-05-20 12:15:33.578+0000 [id=1]	INFO	org.eclipse.jetty.server.Server#doStart: Started @4128ms
2020-05-20 12:15:33.589+0000 [id=20]	INFO	winstone.Logger#logInternal: Winstone Servlet Engine running: controlPort=disabled
2020-05-20 12:15:35.546+0000 [id=26]	INFO	jenkins.InitReactorRunner$1#onAttained: Started initialization
2020-05-20 12:15:36.919+0000 [id=25]	INFO	jenkins.InitReactorRunner$1#onAttained: Listed all plugins
2020-05-20 12:15:49.194+0000 [id=26]	INFO	jenkins.InitReactorRunner$1#onAttained: Prepared all plugins
2020-05-20 12:15:49.345+0000 [id=26]	INFO	jenkins.InitReactorRunner$1#onAttained: Started all plugins
2020-05-20 12:15:51.556+0000 [id=26]	INFO	h.ExtensionFinder$GuiceFinder$FaultTolerantScope$1#error: Failed to instantiate optional component hudson.plugins.build_timeout.operations.AbortAndRestartOperation$DescriptorImpl; skipping
2020-05-20 12:15:52.972+0000 [id=25]	INFO	jenkins.InitReactorRunner$1#onAttained: Augmented all extensions
2020-05-20 12:15:53.187+0000 [id=26]	INFO	jenkins.InitReactorRunner$1#onAttained: System config loaded
2020-05-20 12:15:53.353+0000 [id=25]	INFO	jenkins.InitReactorRunner$1#onAttained: System config adapted
2020-05-20 12:15:53.362+0000 [id=26]	INFO	jenkins.InitReactorRunner$1#onAttained: Loaded all jobs
2020-05-20 12:15:53.426+0000 [id=25]	INFO	jenkins.InitReactorRunner$1#onAttained: Configuration for all jobs updated
2020-05-20 12:15:53.501+0000 [id=39]	INFO	hudson.model.AsyncPeriodicWork#lambda$doRun$0: Started Download metadata
2020-05-20 12:15:53.553+0000 [id=39]	INFO	hudson.util.Retrier#start: Attempt #1 to do the action check updates server
2020-05-20 12:15:54.628+0000 [id=25]	INFO	o.s.c.s.AbstractApplicationContext#prepareRefresh: Refreshing org.springframework.web.context.support.StaticWebApplicationContext@39d240c3: display name [Root WebApplicationContext]; startup date [Wed May 20 20:15:54 CST 2020]; root of context hierarchy
2020-05-20 12:15:54.628+0000 [id=25]	INFO	o.s.c.s.AbstractApplicationContext#obtainFreshBeanFactory: Bean factory for application context [org.springframework.web.context.support.StaticWebApplicationContext@39d240c3]: org.springframework.beans.factory.support.DefaultListableBeanFactory@b5328b
2020-05-20 12:15:54.649+0000 [id=25]	INFO	o.s.b.f.s.DefaultListableBeanFactory#preInstantiateSingletons: Pre-instantiating singletons in org.springframework.beans.factory.support.DefaultListableBeanFactory@b5328b: defining beans [authenticationManager]; root of factory hierarchy
2020-05-20 12:15:55.086+0000 [id=25]	INFO	o.s.c.s.AbstractApplicationContext#prepareRefresh: Refreshing org.springframework.web.context.support.StaticWebApplicationContext@5c7a1b35: display name [Root WebApplicationContext]; startup date [Wed May 20 20:15:55 CST 2020]; root of context hierarchy
2020-05-20 12:15:55.086+0000 [id=25]	INFO	o.s.c.s.AbstractApplicationContext#obtainFreshBeanFactory: Bean factory for application context [org.springframework.web.context.support.StaticWebApplicationContext@5c7a1b35]: org.springframework.beans.factory.support.DefaultListableBeanFactory@5c6126ba
2020-05-20 12:15:55.086+0000 [id=25]	INFO	o.s.b.f.s.DefaultListableBeanFactory#preInstantiateSingletons: Pre-instantiating singletons in org.springframework.beans.factory.support.DefaultListableBeanFactory@5c6126ba: defining beans [filter,legacy]; root of factory hierarchy
2020-05-20 12:15:55.218+0000 [id=25]	INFO	jenkins.InitReactorRunner$1#onAttained: Completed initialization
2020-05-20 12:15:55.270+0000 [id=19]	INFO	hudson.WebAppMain$3#run: Jenkins is fully up and running
2020-05-20 12:16:09.134+0000 [id=39]	INFO	h.m.DownloadService$Downloadable#load: Obtained the updated data file for hudson.tasks.Maven.MavenInstaller
2020-05-20 12:16:09.904+0000 [id=39]	INFO	h.m.DownloadService$Downloadable#load: Obtained the updated data file for hudson.plugins.gradle.GradleInstaller
2020-05-20 12:16:10.190+0000 [id=39]	INFO	h.m.DownloadService$Downloadable#load: Obtained the updated data file for hudson.tasks.Ant.AntInstaller
2020-05-20 12:16:12.795+0000 [id=39]	INFO	h.m.DownloadService$Downloadable#load: Obtained the updated data file for hudson.tools.JDKInstaller
2020-05-20 12:16:12.795+0000 [id=39]	INFO	hudson.util.Retrier#start: Performed the action check updates server successfully at the attempt #1
2020-05-20 12:16:12.797+0000 [id=39]	INFO	hudson.model.AsyncPeriodicWork#lambda$doRun$0: Finished Download metadata. 19,296 ms
2020-05-20 12:18:33.904+0000 [id=16]	INFO	hudson.PluginManager#install: Starting installation of a batch of 2 plugins plus their dependencies
2020-05-20 12:18:33.932+0000 [id=16]	INFO	hudson.model.UpdateSite$Plugin#deploy: Adding dependent install of publish-over for plugin publish-over-ssh
2020-05-20 12:18:36.408+0000 [id=63]	INFO	h.model.UpdateCenter$DownloadJob#run: Starting the installation of ssh on behalf of wgy
2020-05-20 12:18:38.691+0000 [id=63]	INFO	h.m.UpdateCenter$UpdateCenterConfiguration#download: Downloading ssh
2020-05-20 12:18:39.278+0000 [id=63]	INFO	h.model.UpdateCenter$DownloadJob#run: Installation successful: ssh
2020-05-20 12:18:39.278+0000 [id=63]	INFO	h.model.UpdateCenter$DownloadJob#run: Starting the installation of publish-over on behalf of wgy
2020-05-20 12:18:40.980+0000 [id=63]	INFO	h.m.UpdateCenter$UpdateCenterConfiguration#download: Downloading publish-over
2020-05-20 12:18:41.589+0000 [id=63]	INFO	h.model.UpdateCenter$DownloadJob#run: Installation successful: publish-over
2020-05-20 12:18:41.589+0000 [id=63]	INFO	h.model.UpdateCenter$DownloadJob#run: Starting the installation of publish-over-ssh on behalf of wgy
2020-05-20 12:18:43.182+0000 [id=63]	INFO	h.m.UpdateCenter$UpdateCenterConfiguration#download: Downloading publish-over-ssh
2020-05-20 12:18:44.046+0000 [id=63]	INFO	h.model.UpdateCenter$DownloadJob#run: Installation successful: publish-over-ssh
2020-05-20 12:18:44.046+0000 [id=63]	INFO	h.m.UpdateCenter$CompleteBatchJob#run: Completing installing of plugin batch…
2020-05-20 12:18:44.701+0000 [id=68]	INFO	jenkins.InitReactorRunner$1#onAttained: Started initialization
2020-05-20 12:18:44.713+0000 [id=69]	INFO	jenkins.InitReactorRunner$1#onAttained: Listed all plugins
2020-05-20 12:18:44.713+0000 [id=69]	INFO	jenkins.InitReactorRunner$1#onAttained: Prepared all plugins
2020-05-20 12:18:44.713+0000 [id=69]	INFO	jenkins.InitReactorRunner$1#onAttained: Started all plugins
2020-05-20 12:18:44.714+0000 [id=69]	INFO	jenkins.InitReactorRunner$1#onAttained: Augmented all extensions
2020-05-20 12:18:44.714+0000 [id=69]	INFO	jenkins.InitReactorRunner$1#onAttained: System config loaded
2020-05-20 12:18:44.714+0000 [id=69]	INFO	jenkins.InitReactorRunner$1#onAttained: System config adapted
2020-05-20 12:18:44.714+0000 [id=69]	INFO	jenkins.InitReactorRunner$1#onAttained: Loaded all jobs
2020-05-20 12:18:44.714+0000 [id=69]	INFO	jenkins.InitReactorRunner$1#onAttained: Configuration for all jobs updated
2020-05-20 12:18:44.714+0000 [id=69]	INFO	jenkins.InitReactorRunner$1#onAttained: Completed initialization
2020-05-20 12:18:44.714+0000 [id=63]	INFO	h.m.UpdateCenter$CompleteBatchJob#run: Completed installation of 3 plugins in 10 秒
2020-05-20 12:31:43.539+0000 [id=70]	INFO	hudson.model.AsyncPeriodicWork#lambda$doRun$0: Started telemetry collection
2020-05-20 12:31:43.555+0000 [id=70]	INFO	hudson.model.AsyncPeriodicWork#lambda$doRun$0: Finished telemetry collection. 13 ms
2020-05-20 12:52:16.368+0000 [id=71]	INFO	hudson.model.AsyncPeriodicWork#lambda$doRun$0: Started Periodic background build discarder
2020-05-20 12:52:16.382+0000 [id=71]	INFO	hudson.model.AsyncPeriodicWork#lambda$doRun$0: Finished Periodic background build discarder. 13 ms
2020-05-21 03:07:31.663+0000 [id=79]	INFO	hudson.model.AsyncPeriodicWork#lambda$doRun$0: Started Periodic background build discarder
2020-05-21 03:07:31.675+0000 [id=79]	INFO	hudson.model.AsyncPeriodicWork#lambda$doRun$0: Finished Periodic background build discarder. 6 ms
2020-05-21 03:40:46.537+0000 [id=101]	WARNING	org.eclipse.jgit.util.FS#discoverGitSystemConfig: Exception caught during execution of command '[git, config, --system, --edit]' in '/usr/local/git/bin', return code '128', error message 'fatal: Invalid path '/usr/local/git/etc': æ²¡æé£ä¸ªæä»¶æç®å½
'
2020-05-21 04:07:31.662+0000 [id=205]	INFO	hudson.model.AsyncPeriodicWork#lambda$doRun$0: Started Periodic background build discarder
2020-05-21 04:07:31.669+0000 [id=205]	INFO	hudson.model.AsyncPeriodicWork#lambda$doRun$0: Finished Periodic background build discarder. 5 ms
2020-05-21 06:44:27.013+0000 [id=213]	INFO	hudson.model.AsyncPeriodicWork#lambda$doRun$0: Started Periodic background build discarder
2020-05-21 06:44:27.027+0000 [id=213]	INFO	hudson.model.AsyncPeriodicWork#lambda$doRun$0: Finished Periodic background build discarder. 9 ms
2020-05-21 07:44:27.008+0000 [id=221]	INFO	hudson.model.AsyncPeriodicWork#lambda$doRun$0: Started Periodic background build discarder
2020-05-21 07:44:27.015+0000 [id=221]	INFO	hudson.model.AsyncPeriodicWork#lambda$doRun$0: Finished Periodic background build discarder. 5 ms
2020-05-21 08:47:56.989+0000 [id=229]	INFO	hudson.model.AsyncPeriodicWork#lambda$doRun$0: Started Periodic background build discarder
2020-05-21 08:47:56.992+0000 [id=229]	INFO	hudson.model.AsyncPeriodicWork#lambda$doRun$0: Finished Periodic background build discarder. 2 ms
2020-05-21 10:18:42.983+0000 [id=237]	INFO	hudson.model.AsyncPeriodicWork#lambda$doRun$0: Started Periodic background build discarder
2020-05-21 10:18:42.988+0000 [id=237]	INFO	hudson.model.AsyncPeriodicWork#lambda$doRun$0: Finished Periodic background build discarder. 3 ms
2020-05-21 11:18:42.986+0000 [id=245]	INFO	hudson.model.AsyncPeriodicWork#lambda$doRun$0: Started Periodic background build discarder
2020-05-21 11:18:42.988+0000 [id=245]	INFO	hudson.model.AsyncPeriodicWork#lambda$doRun$0: Finished Periodic background build discarder. 1 ms
2020-05-21 12:18:42.981+0000 [id=253]	INFO	hudson.model.AsyncPeriodicWork#lambda$doRun$0: Started Periodic background build discarder
2020-05-21 12:18:42.983+0000 [id=253]	INFO	hudson.model.AsyncPeriodicWork#lambda$doRun$0: Finished Periodic background build discarder. 1 ms
2020-05-21 13:18:42.984+0000 [id=261]	INFO	hudson.model.AsyncPeriodicWork#lambda$doRun$0: Started Periodic background build discarder
2020-05-21 13:18:42.988+0000 [id=261]	INFO	hudson.model.AsyncPeriodicWork#lambda$doRun$0: Finished Periodic background build discarder. 4 ms
2020-05-22 01:05:05.928+0000 [id=15]	WARNING	j.p.p.BapSshHostConfiguration#connect: Failed to connect session for config [test_server]. Message [java.net.UnknownHostException: http://172.16.97.166]
java.net.UnknownHostException: http://172.16.97.166
	at java.net.AbstractPlainSocketImpl.connect(AbstractPlainSocketImpl.java:184)
	at java.net.SocksSocketImpl.connect(SocksSocketImpl.java:392)
	at java.net.Socket.connect(Socket.java:606)
	at java.net.Socket.connect(Socket.java:555)
	at java.net.Socket.<init>(Socket.java:451)
	at java.net.Socket.<init>(Socket.java:228)
	at com.jcraft.jsch.Util$1.run(Util.java:362)
Caused: com.jcraft.jsch.JSchException
	at com.jcraft.jsch.Util.createSocket(Util.java:394)
	at com.jcraft.jsch.Session.connect(Session.java:215)
	at jenkins.plugins.publish_over_ssh.BapSshHostConfiguration.connect(BapSshHostConfiguration.java:380)
	at jenkins.plugins.publish_over_ssh.BapSshHostConfiguration.createClient(BapSshHostConfiguration.java:245)
	at jenkins.plugins.publish_over_ssh.BapSshHostConfiguration.createClient(BapSshHostConfiguration.java:234)
	at jenkins.plugins.publish_over_ssh.descriptor.BapSshPublisherPluginDescriptor.validateConnection(BapSshPublisherPluginDescriptor.java:180)
	at jenkins.plugins.publish_over_ssh.descriptor.BapSshPublisherPluginDescriptor.doTestConnection(BapSshPublisherPluginDescriptor.java:175)
	at jenkins.plugins.publish_over_ssh.descriptor.BapSshHostConfigurationDescriptor.doTestConnection(BapSshHostConfigurationDescriptor.java:90)
	at java.lang.invoke.MethodHandle.invokeWithArguments(MethodHandle.java:627)
	at org.kohsuke.stapler.Function$MethodFunction.invoke(Function.java:396)
	at org.kohsuke.stapler.Function$InstanceFunction.invoke(Function.java:408)
	at org.kohsuke.stapler.Function.bindAndInvoke(Function.java:212)
	at org.kohsuke.stapler.Function.bindAndInvokeAndServeResponse(Function.java:145)
	at org.kohsuke.stapler.MetaClass$11.doDispatch(MetaClass.java:535)
	at org.kohsuke.stapler.NameBasedDispatcher.dispatch(NameBasedDispatcher.java:58)
	at org.kohsuke.stapler.Stapler.tryInvoke(Stapler.java:747)
	at org.kohsuke.stapler.Stapler.invoke(Stapler.java:878)
	at org.kohsuke.stapler.MetaClass$4.doDispatch(MetaClass.java:280)
	at org.kohsuke.stapler.NameBasedDispatcher.dispatch(NameBasedDispatcher.java:58)
	at org.kohsuke.stapler.Stapler.tryInvoke(Stapler.java:747)
	at org.kohsuke.stapler.Stapler.invoke(Stapler.java:878)
	at org.kohsuke.stapler.Stapler.invoke(Stapler.java:676)
	at org.kohsuke.stapler.Stapler.service(Stapler.java:238)
	at javax.servlet.http.HttpServlet.service(HttpServlet.java:790)
	at org.eclipse.jetty.servlet.ServletHolder.handle(ServletHolder.java:755)
	at org.eclipse.jetty.servlet.ServletHandler$CachedChain.doFilter(ServletHandler.java:1617)
	at hudson.util.PluginServletFilter$1.doFilter(PluginServletFilter.java:154)
	at jenkins.security.ResourceDomainFilter.doFilter(ResourceDomainFilter.java:76)
	at hudson.util.PluginServletFilter$1.doFilter(PluginServletFilter.java:151)
	at jenkins.telemetry.impl.UserLanguages$AcceptLanguageFilter.doFilter(UserLanguages.java:128)
	at hudson.util.PluginServletFilter$1.doFilter(PluginServletFilter.java:151)
	at hudson.util.PluginServletFilter.doFilter(PluginServletFilter.java:157)
	at org.eclipse.jetty.servlet.ServletHandler$CachedChain.doFilter(ServletHandler.java:1604)
	at hudson.security.csrf.CrumbFilter.doFilter(CrumbFilter.java:153)
	at org.eclipse.jetty.servlet.ServletHandler$CachedChain.doFilter(ServletHandler.java:1604)
	at hudson.security.ChainedServletFilter$1.doFilter(ChainedServletFilter.java:84)
	at hudson.security.UnwrapSecurityExceptionFilter.doFilter(UnwrapSecurityExceptionFilter.java:51)
	at hudson.security.ChainedServletFilter$1.doFilter(ChainedServletFilter.java:87)
	at jenkins.security.ExceptionTranslationFilter.doFilter(ExceptionTranslationFilter.java:118)
	at hudson.security.ChainedServletFilter$1.doFilter(ChainedServletFilter.java:87)
	at org.acegisecurity.providers.anonymous.AnonymousProcessingFilter.doFilter(AnonymousProcessingFilter.java:125)
	at hudson.security.ChainedServletFilter$1.doFilter(ChainedServletFilter.java:87)
	at org.acegisecurity.ui.rememberme.RememberMeProcessingFilter.doFilter(RememberMeProcessingFilter.java:142)
	at hudson.security.ChainedServletFilter$1.doFilter(ChainedServletFilter.java:87)
	at org.acegisecurity.ui.AbstractProcessingFilter.doFilter(AbstractProcessingFilter.java:271)
	at hudson.security.ChainedServletFilter$1.doFilter(ChainedServletFilter.java:87)
	at jenkins.security.BasicHeaderProcessor.doFilter(BasicHeaderProcessor.java:93)
	at hudson.security.ChainedServletFilter$1.doFilter(ChainedServletFilter.java:87)
	at org.acegisecurity.context.HttpSessionContextIntegrationFilter.doFilter(HttpSessionContextIntegrationFilter.java:249)
	at hudson.security.HttpSessionContextIntegrationFilter2.doFilter(HttpSessionContextIntegrationFilter2.java:67)
	at hudson.security.ChainedServletFilter$1.doFilter(ChainedServletFilter.java:87)
	at hudson.security.ChainedServletFilter.doFilter(ChainedServletFilter.java:90)
	at hudson.security.HudsonFilter.doFilter(HudsonFilter.java:171)
	at org.eclipse.jetty.servlet.ServletHandler$CachedChain.doFilter(ServletHandler.java:1604)
	at org.kohsuke.stapler.compression.CompressionFilter.doFilter(CompressionFilter.java:49)
	at org.eclipse.jetty.servlet.ServletHandler$CachedChain.doFilter(ServletHandler.java:1604)
	at hudson.util.CharacterEncodingFilter.doFilter(CharacterEncodingFilter.java:82)
	at org.eclipse.jetty.servlet.ServletHandler$CachedChain.doFilter(ServletHandler.java:1604)
	at org.kohsuke.stapler.DiagnosticThreadNameFilter.doFilter(DiagnosticThreadNameFilter.java:30)
	at org.eclipse.jetty.servlet.ServletHandler$CachedChain.doFilter(ServletHandler.java:1604)
	at jenkins.security.SuspiciousRequestFilter.doFilter(SuspiciousRequestFilter.java:36)
	at org.eclipse.jetty.servlet.ServletHandler$CachedChain.doFilter(ServletHandler.java:1604)
	at org.eclipse.jetty.servlet.ServletHandler.doHandle(ServletHandler.java:545)
	at org.eclipse.jetty.server.handler.ScopedHandler.handle(ScopedHandler.java:143)
	at org.eclipse.jetty.security.SecurityHandler.handle(SecurityHandler.java:566)
	at org.eclipse.jetty.server.handler.HandlerWrapper.handle(HandlerWrapper.java:127)
	at org.eclipse.jetty.server.handler.ScopedHandler.nextHandle(ScopedHandler.java:235)
	at org.eclipse.jetty.server.session.SessionHandler.doHandle(SessionHandler.java:1610)
	at org.eclipse.jetty.server.handler.ScopedHandler.nextHandle(ScopedHandler.java:233)
	at org.eclipse.jetty.server.handler.ContextHandler.doHandle(ContextHandler.java:1300)
	at org.eclipse.jetty.server.handler.ScopedHandler.nextScope(ScopedHandler.java:188)
	at org.eclipse.jetty.servlet.ServletHandler.doScope(ServletHandler.java:485)
	at org.eclipse.jetty.server.session.SessionHandler.doScope(SessionHandler.java:1580)
	at org.eclipse.jetty.server.handler.ScopedHandler.nextScope(ScopedHandler.java:186)
	at org.eclipse.jetty.server.handler.ContextHandler.doScope(ContextHandler.java:1215)
	at org.eclipse.jetty.server.handler.ScopedHandler.handle(ScopedHandler.java:141)
	at org.eclipse.jetty.server.handler.HandlerWrapper.handle(HandlerWrapper.java:127)
	at org.eclipse.jetty.server.Server.handle(Server.java:500)
	at org.eclipse.jetty.server.HttpChannel.lambda$handle$1(HttpChannel.java:383)
	at org.eclipse.jetty.server.HttpChannel.dispatch(HttpChannel.java:547)
	at org.eclipse.jetty.server.HttpChannel.handle(HttpChannel.java:375)
	at org.eclipse.jetty.server.HttpConnection.onFillable(HttpConnection.java:273)
	at org.eclipse.jetty.io.AbstractConnection$ReadCallback.succeeded(AbstractConnection.java:311)
	at org.eclipse.jetty.io.FillInterest.fillable(FillInterest.java:103)
	at org.eclipse.jetty.io.ChannelEndPoint$2.run(ChannelEndPoint.java:117)
	at org.eclipse.jetty.util.thread.strategy.EatWhatYouKill.runTask(EatWhatYouKill.java:336)
	at org.eclipse.jetty.util.thread.strategy.EatWhatYouKill.doProduce(EatWhatYouKill.java:313)
	at org.eclipse.jetty.util.thread.strategy.EatWhatYouKill.tryProduce(EatWhatYouKill.java:171)
	at org.eclipse.jetty.util.thread.strategy.EatWhatYouKill.run(EatWhatYouKill.java:129)
	at org.eclipse.jetty.util.thread.ReservedThreadExecutor$ReservedThread.run(ReservedThreadExecutor.java:375)
	at org.eclipse.jetty.util.thread.QueuedThreadPool.runJob(QueuedThreadPool.java:806)
	at org.eclipse.jetty.util.thread.QueuedThreadPool$Runner.run(QueuedThreadPool.java:938)
	at java.lang.Thread.run(Thread.java:748)
2020-05-22 01:05:45.973+0000 [id=12]	WARNING	j.p.p.BapSshHostConfiguration#connect: Failed to connect session for config [test_server]. Message [java.net.UnknownHostException: http://172.16.97.166]
java.net.UnknownHostException: http://172.16.97.166
	at java.net.AbstractPlainSocketImpl.connect(AbstractPlainSocketImpl.java:184)
	at java.net.SocksSocketImpl.connect(SocksSocketImpl.java:392)
	at java.net.Socket.connect(Socket.java:606)
	at java.net.Socket.connect(Socket.java:555)
	at java.net.Socket.<init>(Socket.java:451)
	at java.net.Socket.<init>(Socket.java:228)
	at com.jcraft.jsch.Util$1.run(Util.java:362)
Caused: com.jcraft.jsch.JSchException
	at com.jcraft.jsch.Util.createSocket(Util.java:394)
	at com.jcraft.jsch.Session.connect(Session.java:215)
	at jenkins.plugins.publish_over_ssh.BapSshHostConfiguration.connect(BapSshHostConfiguration.java:380)
	at jenkins.plugins.publish_over_ssh.BapSshHostConfiguration.createClient(BapSshHostConfiguration.java:245)
	at jenkins.plugins.publish_over_ssh.BapSshHostConfiguration.createClient(BapSshHostConfiguration.java:234)
	at jenkins.plugins.publish_over_ssh.descriptor.BapSshPublisherPluginDescriptor.validateConnection(BapSshPublisherPluginDescriptor.java:180)
	at jenkins.plugins.publish_over_ssh.descriptor.BapSshPublisherPluginDescriptor.doTestConnection(BapSshPublisherPluginDescriptor.java:175)
	at jenkins.plugins.publish_over_ssh.descriptor.BapSshHostConfigurationDescriptor.doTestConnection(BapSshHostConfigurationDescriptor.java:90)
	at java.lang.invoke.MethodHandle.invokeWithArguments(MethodHandle.java:627)
	at org.kohsuke.stapler.Function$MethodFunction.invoke(Function.java:396)
	at org.kohsuke.stapler.Function$InstanceFunction.invoke(Function.java:408)
	at org.kohsuke.stapler.Function.bindAndInvoke(Function.java:212)
	at org.kohsuke.stapler.Function.bindAndInvokeAndServeResponse(Function.java:145)
	at org.kohsuke.stapler.MetaClass$11.doDispatch(MetaClass.java:535)
	at org.kohsuke.stapler.NameBasedDispatcher.dispatch(NameBasedDispatcher.java:58)
	at org.kohsuke.stapler.Stapler.tryInvoke(Stapler.java:747)
	at org.kohsuke.stapler.Stapler.invoke(Stapler.java:878)
	at org.kohsuke.stapler.MetaClass$4.doDispatch(MetaClass.java:280)
	at org.kohsuke.stapler.NameBasedDispatcher.dispatch(NameBasedDispatcher.java:58)
	at org.kohsuke.stapler.Stapler.tryInvoke(Stapler.java:747)
	at org.kohsuke.stapler.Stapler.invoke(Stapler.java:878)
	at org.kohsuke.stapler.Stapler.invoke(Stapler.java:676)
	at org.kohsuke.stapler.Stapler.service(Stapler.java:238)
	at javax.servlet.http.HttpServlet.service(HttpServlet.java:790)
	at org.eclipse.jetty.servlet.ServletHolder.handle(ServletHolder.java:755)
	at org.eclipse.jetty.servlet.ServletHandler$CachedChain.doFilter(ServletHandler.java:1617)
	at hudson.util.PluginServletFilter$1.doFilter(PluginServletFilter.java:154)
	at jenkins.security.ResourceDomainFilter.doFilter(ResourceDomainFilter.java:76)
	at hudson.util.PluginServletFilter$1.doFilter(PluginServletFilter.java:151)
	at jenkins.telemetry.impl.UserLanguages$AcceptLanguageFilter.doFilter(UserLanguages.java:128)
	at hudson.util.PluginServletFilter$1.doFilter(PluginServletFilter.java:151)
	at hudson.util.PluginServletFilter.doFilter(PluginServletFilter.java:157)
	at org.eclipse.jetty.servlet.ServletHandler$CachedChain.doFilter(ServletHandler.java:1604)
	at hudson.security.csrf.CrumbFilter.doFilter(CrumbFilter.java:153)
	at org.eclipse.jetty.servlet.ServletHandler$CachedChain.doFilter(ServletHandler.java:1604)
	at hudson.security.ChainedServletFilter$1.doFilter(ChainedServletFilter.java:84)
	at hudson.security.UnwrapSecurityExceptionFilter.doFilter(UnwrapSecurityExceptionFilter.java:51)
	at hudson.security.ChainedServletFilter$1.doFilter(ChainedServletFilter.java:87)
	at jenkins.security.ExceptionTranslationFilter.doFilter(ExceptionTranslationFilter.java:118)
	at hudson.security.ChainedServletFilter$1.doFilter(ChainedServletFilter.java:87)
	at org.acegisecurity.providers.anonymous.AnonymousProcessingFilter.doFilter(AnonymousProcessingFilter.java:125)
	at hudson.security.ChainedServletFilter$1.doFilter(ChainedServletFilter.java:87)
	at org.acegisecurity.ui.rememberme.RememberMeProcessingFilter.doFilter(RememberMeProcessingFilter.java:142)
	at hudson.security.ChainedServletFilter$1.doFilter(ChainedServletFilter.java:87)
	at org.acegisecurity.ui.AbstractProcessingFilter.doFilter(AbstractProcessingFilter.java:271)
	at hudson.security.ChainedServletFilter$1.doFilter(ChainedServletFilter.java:87)
	at jenkins.security.BasicHeaderProcessor.doFilter(BasicHeaderProcessor.java:93)
	at hudson.security.ChainedServletFilter$1.doFilter(ChainedServletFilter.java:87)
	at org.acegisecurity.context.HttpSessionContextIntegrationFilter.doFilter(HttpSessionContextIntegrationFilter.java:249)
	at hudson.security.HttpSessionContextIntegrationFilter2.doFilter(HttpSessionContextIntegrationFilter2.java:67)
	at hudson.security.ChainedServletFilter$1.doFilter(ChainedServletFilter.java:87)
	at hudson.security.ChainedServletFilter.doFilter(ChainedServletFilter.java:90)
	at hudson.security.HudsonFilter.doFilter(HudsonFilter.java:171)
	at org.eclipse.jetty.servlet.ServletHandler$CachedChain.doFilter(ServletHandler.java:1604)
	at org.kohsuke.stapler.compression.CompressionFilter.doFilter(CompressionFilter.java:49)
	at org.eclipse.jetty.servlet.ServletHandler$CachedChain.doFilter(ServletHandler.java:1604)
	at hudson.util.CharacterEncodingFilter.doFilter(CharacterEncodingFilter.java:82)
	at org.eclipse.jetty.servlet.ServletHandler$CachedChain.doFilter(ServletHandler.java:1604)
	at org.kohsuke.stapler.DiagnosticThreadNameFilter.doFilter(DiagnosticThreadNameFilter.java:30)
	at org.eclipse.jetty.servlet.ServletHandler$CachedChain.doFilter(ServletHandler.java:1604)
	at jenkins.security.SuspiciousRequestFilter.doFilter(SuspiciousRequestFilter.java:36)
	at org.eclipse.jetty.servlet.ServletHandler$CachedChain.doFilter(ServletHandler.java:1604)
	at org.eclipse.jetty.servlet.ServletHandler.doHandle(ServletHandler.java:545)
	at org.eclipse.jetty.server.handler.ScopedHandler.handle(ScopedHandler.java:143)
	at org.eclipse.jetty.security.SecurityHandler.handle(SecurityHandler.java:566)
	at org.eclipse.jetty.server.handler.HandlerWrapper.handle(HandlerWrapper.java:127)
	at org.eclipse.jetty.server.handler.ScopedHandler.nextHandle(ScopedHandler.java:235)
	at org.eclipse.jetty.server.session.SessionHandler.doHandle(SessionHandler.java:1610)
	at org.eclipse.jetty.server.handler.ScopedHandler.nextHandle(ScopedHandler.java:233)
	at org.eclipse.jetty.server.handler.ContextHandler.doHandle(ContextHandler.java:1300)
	at org.eclipse.jetty.server.handler.ScopedHandler.nextScope(ScopedHandler.java:188)
	at org.eclipse.jetty.servlet.ServletHandler.doScope(ServletHandler.java:485)
	at org.eclipse.jetty.server.session.SessionHandler.doScope(SessionHandler.java:1580)
	at org.eclipse.jetty.server.handler.ScopedHandler.nextScope(ScopedHandler.java:186)
	at org.eclipse.jetty.server.handler.ContextHandler.doScope(ContextHandler.java:1215)
	at org.eclipse.jetty.server.handler.ScopedHandler.handle(ScopedHandler.java:141)
	at org.eclipse.jetty.server.handler.HandlerWrapper.handle(HandlerWrapper.java:127)
	at org.eclipse.jetty.server.Server.handle(Server.java:500)
	at org.eclipse.jetty.server.HttpChannel.lambda$handle$1(HttpChannel.java:383)
	at org.eclipse.jetty.server.HttpChannel.dispatch(HttpChannel.java:547)
	at org.eclipse.jetty.server.HttpChannel.handle(HttpChannel.java:375)
	at org.eclipse.jetty.server.HttpConnection.onFillable(HttpConnection.java:273)
	at org.eclipse.jetty.io.AbstractConnection$ReadCallback.succeeded(AbstractConnection.java:311)
	at org.eclipse.jetty.io.FillInterest.fillable(FillInterest.java:103)
	at org.eclipse.jetty.io.ChannelEndPoint$2.run(ChannelEndPoint.java:117)
	at org.eclipse.jetty.util.thread.strategy.EatWhatYouKill.runTask(EatWhatYouKill.java:336)
	at org.eclipse.jetty.util.thread.strategy.EatWhatYouKill.doProduce(EatWhatYouKill.java:313)
	at org.eclipse.jetty.util.thread.strategy.EatWhatYouKill.tryProduce(EatWhatYouKill.java:171)
	at org.eclipse.jetty.util.thread.strategy.EatWhatYouKill.run(EatWhatYouKill.java:129)
	at org.eclipse.jetty.util.thread.ReservedThreadExecutor$ReservedThread.run(ReservedThreadExecutor.java:375)
	at org.eclipse.jetty.util.thread.QueuedThreadPool.runJob(QueuedThreadPool.java:806)
	at org.eclipse.jetty.util.thread.QueuedThreadPool$Runner.run(QueuedThreadPool.java:938)
	at java.lang.Thread.run(Thread.java:748)
Running from: /root/jenkins/jenkins.war
webroot: $user.home/.jenkins
2020-05-23 01:20:33.213+0000 [id=1]	INFO	org.eclipse.jetty.util.log.Log#initialized: Logging initialized @8313ms to org.eclipse.jetty.util.log.JavaUtilLog
2020-05-23 01:20:34.537+0000 [id=1]	INFO	winstone.Logger#logInternal: Beginning extraction from war file
2020-05-23 01:20:35.130+0000 [id=1]	WARNING	o.e.j.s.handler.ContextHandler#setContextPath: Empty contextPath
2020-05-23 01:20:35.950+0000 [id=1]	INFO	org.eclipse.jetty.server.Server#doStart: jetty-9.4.27.v20200227; built: 2020-02-27T18:37:21.340Z; git: a304fd9f351f337e7c0e2a7c28878dd536149c6c; jvm 1.8.0_241-b07
2020-05-23 01:20:40.377+0000 [id=1]	INFO	o.e.j.w.StandardDescriptorProcessor#visitServlet: NO JSP Support for /, did not find org.eclipse.jetty.jsp.JettyJspServlet
2020-05-23 01:20:41.433+0000 [id=1]	INFO	o.e.j.s.s.DefaultSessionIdManager#doStart: DefaultSessionIdManager workerName=node0
2020-05-23 01:20:41.434+0000 [id=1]	INFO	o.e.j.s.s.DefaultSessionIdManager#doStart: No SessionScavenger set, using defaults
2020-05-23 01:20:41.465+0000 [id=1]	INFO	o.e.j.server.session.HouseKeeper#startScavenging: node0 Scavenging every 600000ms
2020-05-23 01:20:47.259+0000 [id=1]	INFO	hudson.WebAppMain#contextInitialized: Jenkins home directory: /root/.jenkins found at: $user.home/.jenkins
2020-05-23 01:20:48.575+0000 [id=1]	INFO	o.e.j.s.handler.ContextHandler#doStart: Started w.@60db1c0e{Jenkins v2.222.3,/,file:///root/.jenkins/war/,AVAILABLE}{/root/.jenkins/war}
2020-05-23 01:20:48.828+0000 [id=1]	INFO	o.e.j.server.AbstractConnector#doStart: Started ServerConnector@6be46e8f{HTTP/1.1, (http/1.1)}{0.0.0.0:8080}
2020-05-23 01:20:48.829+0000 [id=1]	INFO	org.eclipse.jetty.server.Server#doStart: Started @23931ms
2020-05-23 01:20:48.851+0000 [id=20]	INFO	winstone.Logger#logInternal: Winstone Servlet Engine running: controlPort=disabled
2020-05-23 01:21:00.030+0000 [id=28]	INFO	jenkins.InitReactorRunner$1#onAttained: Started initialization
2020-05-23 01:21:09.457+0000 [id=27]	INFO	jenkins.InitReactorRunner$1#onAttained: Listed all plugins
2020-05-23 01:22:02.486+0000 [id=27]	INFO	jenkins.InitReactorRunner$1#onAttained: Prepared all plugins
2020-05-23 01:22:03.189+0000 [id=27]	INFO	jenkins.InitReactorRunner$1#onAttained: Started all plugins
2020-05-23 01:22:14.974+0000 [id=27]	INFO	h.ExtensionFinder$GuiceFinder$FaultTolerantScope$1#error: Failed to instantiate optional component hudson.plugins.build_timeout.operations.AbortAndRestartOperation$DescriptorImpl; skipping
2020-05-23 01:22:22.946+0000 [id=28]	INFO	jenkins.InitReactorRunner$1#onAttained: Augmented all extensions
2020-05-23 01:22:23.651+0000 [id=28]	INFO	jenkins.InitReactorRunner$1#onAttained: System config loaded
2020-05-23 01:22:24.266+0000 [id=28]	INFO	jenkins.InitReactorRunner$1#onAttained: System config adapted
2020-05-23 01:22:24.304+0000 [id=27]	INFO	jenkins.InitReactorRunner$1#onAttained: Loaded all jobs
2020-05-23 01:22:24.765+0000 [id=28]	INFO	jenkins.InitReactorRunner$1#onAttained: Configuration for all jobs updated
2020-05-23 01:22:25.033+0000 [id=40]	INFO	hudson.model.AsyncPeriodicWork#lambda$doRun$0: Started Download metadata
2020-05-23 01:22:25.186+0000 [id=40]	INFO	hudson.util.Retrier#start: Attempt #1 to do the action check updates server
2020-05-23 01:22:29.872+0000 [id=28]	INFO	o.s.c.s.AbstractApplicationContext#prepareRefresh: Refreshing org.springframework.web.context.support.StaticWebApplicationContext@543d8556: display name [Root WebApplicationContext]; startup date [Sat May 23 09:22:29 CST 2020]; root of context hierarchy
2020-05-23 01:22:29.873+0000 [id=28]	INFO	o.s.c.s.AbstractApplicationContext#obtainFreshBeanFactory: Bean factory for application context [org.springframework.web.context.support.StaticWebApplicationContext@543d8556]: org.springframework.beans.factory.support.DefaultListableBeanFactory@5199b6da
2020-05-23 01:22:30.295+0000 [id=28]	INFO	o.s.b.f.s.DefaultListableBeanFactory#preInstantiateSingletons: Pre-instantiating singletons in org.springframework.beans.factory.support.DefaultListableBeanFactory@5199b6da: defining beans [authenticationManager]; root of factory hierarchy
2020-05-23 01:22:32.118+0000 [id=28]	INFO	o.s.c.s.AbstractApplicationContext#prepareRefresh: Refreshing org.springframework.web.context.support.StaticWebApplicationContext@305ccd88: display name [Root WebApplicationContext]; startup date [Sat May 23 09:22:32 CST 2020]; root of context hierarchy
2020-05-23 01:22:32.118+0000 [id=28]	INFO	o.s.c.s.AbstractApplicationContext#obtainFreshBeanFactory: Bean factory for application context [org.springframework.web.context.support.StaticWebApplicationContext@305ccd88]: org.springframework.beans.factory.support.DefaultListableBeanFactory@1b796c58
2020-05-23 01:22:32.120+0000 [id=28]	INFO	o.s.b.f.s.DefaultListableBeanFactory#preInstantiateSingletons: Pre-instantiating singletons in org.springframework.beans.factory.support.DefaultListableBeanFactory@1b796c58: defining beans [filter,legacy]; root of factory hierarchy
2020-05-23 01:22:32.587+0000 [id=28]	INFO	jenkins.InitReactorRunner$1#onAttained: Completed initialization
2020-05-23 01:22:32.762+0000 [id=19]	INFO	hudson.WebAppMain$3#run: Jenkins is fully up and running
2020-05-23 01:24:16.720+0000 [id=40]	INFO	h.m.DownloadService$Downloadable#load: Obtained the updated data file for hudson.tasks.Maven.MavenInstaller
2020-05-23 01:24:18.223+0000 [id=40]	INFO	h.m.DownloadService$Downloadable#load: Obtained the updated data file for hudson.plugins.gradle.GradleInstaller
2020-05-23 01:24:18.506+0000 [id=40]	INFO	h.m.DownloadService$Downloadable#load: Obtained the updated data file for hudson.tasks.Ant.AntInstaller
2020-05-23 01:24:34.396+0000 [id=40]	INFO	h.m.DownloadService$Downloadable#load: Obtained the updated data file for hudson.tools.JDKInstaller
2020-05-23 01:24:34.396+0000 [id=40]	INFO	hudson.util.Retrier#start: Performed the action check updates server successfully at the attempt #1
2020-05-23 01:24:34.399+0000 [id=40]	INFO	hudson.model.AsyncPeriodicWork#lambda$doRun$0: Finished Download metadata. 129,365 ms
2020-05-23 01:25:43.149+0000 [id=37]	WARNING	org.eclipse.jgit.util.FS#discoverGitSystemConfig: Exception caught during execution of command '[git, config, --system, --edit]' in '/usr/local/git/bin', return code '128', error message 'fatal: Invalid path '/usr/local/git/etc': æ²¡æé£ä¸ªæä»¶æç®å½
'
2020-05-23 02:05:26.075+0000 [id=112]	INFO	hudson.model.AsyncPeriodicWork#lambda$doRun$0: Started Periodic background build discarder
2020-05-23 02:05:26.078+0000 [id=112]	INFO	hudson.model.AsyncPeriodicWork#lambda$doRun$0: Finished Periodic background build discarder. 2 ms
2020-05-23 03:05:26.076+0000 [id=120]	INFO	hudson.model.AsyncPeriodicWork#lambda$doRun$0: Started Periodic background build discarder
2020-05-23 03:05:26.093+0000 [id=120]	INFO	hudson.model.AsyncPeriodicWork#lambda$doRun$0: Finished Periodic background build discarder. 11 ms
2020-05-23 04:05:26.074+0000 [id=129]	INFO	hudson.model.AsyncPeriodicWork#lambda$doRun$0: Started Periodic background build discarder
2020-05-23 04:05:26.084+0000 [id=129]	INFO	hudson.model.AsyncPeriodicWork#lambda$doRun$0: Finished Periodic background build discarder. 7 ms
